EDA Netlist Writer report for CPU
Tue Jan 31 20:34:44 2023
Quartus Prime Version 18.0.0 Build 614 04/24/2018 SJ Lite Edition


---------------------
; Table of Contents ;
---------------------
  1. Legal Notice
  2. EDA Netlist Writer Summary
  3. Simulation Settings
  4. Simulation Generated Files
  5. Board-Level Settings
  6. Board-Level Generated Files
  7. EDA Netlist Writer Messages



----------------
; Legal Notice ;
----------------
Copyright (C) 2018  Intel Corporation. All rights reserved.
Your use of Intel Corporation's design tools, logic functions 
and other software and tools, and its AMPP partner logic 
functions, and any output files from any of the foregoing 
(including device programming or simulation files), and any 
associated documentation or information are expressly subject 
to the terms and conditions of the Intel Program License 
Subscription Agreement, the Intel Quartus Prime License Agreement,
the Intel FPGA IP License Agreement, or other applicable license
agreement, including, without limitation, that your use is for
the sole purpose of programming logic devices manufactured by
Intel and sold by Intel or its authorized distributors.  Please
refer to the applicable agreement for further details.



+-------------------------------------------------------------------------------+
; EDA Netlist Writer Summary                                                    ;
+---------------------------------------+---------------------------------------+
; EDA Netlist Writer Status             ; Successful - Tue Jan 31 20:34:44 2023 ;
; Revision Name                         ; CPU                                   ;
; Top-level Entity Name                 ; CPU                                   ;
; Family                                ; MAX 10                                ;
; Simulation Files Creation             ; Successful                            ;
; Board Signal Integrity Files Creation ; Successful                            ;
+---------------------------------------+---------------------------------------+


+----------------------------------------------------------------------------------------------------------------------------+
; Simulation Settings                                                                                                        ;
+---------------------------------------------------------------------------------------------------+------------------------+
; Option                                                                                            ; Setting                ;
+---------------------------------------------------------------------------------------------------+------------------------+
; Tool Name                                                                                         ; ModelSim-Altera (VHDL) ;
; Generate functional simulation netlist                                                            ; Off                    ;
; Time scale                                                                                        ; 1 ps                   ;
; Truncate long hierarchy paths                                                                     ; Off                    ;
; Map illegal HDL characters                                                                        ; Off                    ;
; Flatten buses into individual nodes                                                               ; Off                    ;
; Maintain hierarchy                                                                                ; Off                    ;
; Bring out device-wide set/reset signals as ports                                                  ; Off                    ;
; Enable glitch filtering                                                                           ; Off                    ;
; Do not write top level VHDL entity                                                                ; Off                    ;
; Disable detection of setup and hold time violations in the input registers of bi-directional pins ; Off                    ;
; Architecture name in VHDL output netlist                                                          ; structure              ;
; Generate third-party EDA tool command script for RTL functional simulation                        ; Off                    ;
; Generate third-party EDA tool command script for gate-level simulation                            ; Off                    ;
+---------------------------------------------------------------------------------------------------+------------------------+


+-----------------------------------------------------------------------------------------------+
; Simulation Generated Files                                                                    ;
+-----------------------------------------------------------------------------------------------+
; Generated Files                                                                               ;
+-----------------------------------------------------------------------------------------------+
; C:/Users/virgi/Desktop/Rapegno_Virgile_Ferreira_Nathan_Projet_ASN/simulation/modelsim/CPU.vho ;
+-----------------------------------------------------------------------------------------------+


+-----------------------------------------+
; Board-Level Settings                    ;
+-------------------------------+---------+
; Option                        ; Setting ;
+-------------------------------+---------+
; Board Signal Integrity Format ; IBIS    ;
+-------------------------------+---------+


+------------------------------------------------------------------------------------------+
; Board-Level Generated Files                                                              ;
+------------------------------------------------------------------------------------------+
; Generated Files                                                                          ;
+------------------------------------------------------------------------------------------+
; Board Signal Integrity                                                                   ;
;     C:/Users/virgi/Desktop/Rapegno_Virgile_Ferreira_Nathan_Projet_ASN/board/ibis/CPU.ibs ;
+------------------------------------------------------------------------------------------+


+-----------------------------+
; EDA Netlist Writer Messages ;
+-----------------------------+
Info: *******************************************************************
Info: Running Quartus Prime EDA Netlist Writer
    Info: Version 18.0.0 Build 614 04/24/2018 SJ Lite Edition
    Info: Processing started: Tue Jan 31 20:34:37 2023
Info: Command: quartus_eda --read_settings_files=off --write_settings_files=off CPU -c CPU
Warning (10905): Generated the EDA functional simulation netlist because it is the only supported netlist type for this device.
Info (204019): Generated file CPU.vho in folder "C:/Users/virgi/Desktop/Rapegno_Virgile_Ferreira_Nathan_Projet_ASN/simulation/modelsim/" for EDA simulation tool
Warning (16097): Truncated pin name "3_3_SCHMITT_TRIGGER_STANDALONE_INPUT" in IBIS Output File to "3_3_SCHMITT_TRIG" to comply with IBIS 4.2 standard
Warning (16097): Truncated pin name "3_3_SCHMITT_TRIGGER_STANDALONE_INPUT" in IBIS Output File to "3_3_SCHMITT_TRIG" to comply with IBIS 4.2 standard
Warning (16097): Truncated pin name "3_3_SCHMITT_TRIGGER_STANDALONE_INPUT" in IBIS Output File to "3_3_SCHMITT_TRIG" to comply with IBIS 4.2 standard
Warning (16097): Truncated pin name "3_3_SCHMITT_TRIGGER_STANDALONE_INPUT" in IBIS Output File to "3_3_SCHMITT_TRIG" to comply with IBIS 4.2 standard
Warning (16097): Truncated pin name "3_3_SCHMITT_TRIGGER_STANDALONE_INPUT" in IBIS Output File to "3_3_SCHMITT_TRIG" to comply with IBIS 4.2 standard
Warning (16097): Truncated pin name "3_3_SCHMITT_TRIGGER_STANDALONE_INPUT" in IBIS Output File to "3_3_SCHMITT_TRIG" to comply with IBIS 4.2 standard
Warning (16097): Truncated pin name "3_3_SCHMITT_TRIGGER_STANDALONE_INPUT" in IBIS Output File to "3_3_SCHMITT_TRIG" to comply with IBIS 4.2 standard
Warning (16097): Truncated pin name "3_3_SCHMITT_TRIGGER_STANDALONE_INPUT" in IBIS Output File to "3_3_SCHMITT_TRIG" to comply with IBIS 4.2 standard
Warning (16097): Truncated pin name "3_3_SCHMITT_TRIGGER_STANDALONE_INPUT" in IBIS Output File to "3_3_SCHMITT_TRIG" to comply with IBIS 4.2 standard
Warning (16097): Truncated pin name "3_3_SCHMITT_TRIGGER_STANDALONE_INPUT" in IBIS Output File to "3_3_SCHMITT_TRIG" to comply with IBIS 4.2 standard
Info (199050): Generated IBIS Output File C:/Users/virgi/Desktop/Rapegno_Virgile_Ferreira_Nathan_Projet_ASN/board/ibis/CPU.ibs for board level analysis
Info: Quartus Prime EDA Netlist Writer was successful. 0 errors, 11 warnings
    Info: Peak virtual memory: 4748 megabytes
    Info: Processing ended: Tue Jan 31 20:34:44 2023
    Info: Elapsed time: 00:00:07
    Info: Total CPU time (on all processors): 00:00:07


